android/app/proguard-rules.pro
# Please add these rules to your existing keep rules in order to suppress warnings.
# This is generated automatically by the Android Gradle plugin.
-dontwarn com.google.android.gms.auth.api.credentials.Credential$Builder
-dontwarn com.google.android.gms.auth.api.credentials.Credential
-dontwarn com.google.android.gms.auth.api.credentials.CredentialRequest$Builder
-dontwarn com.google.android.gms.auth.api.credentials.CredentialRequest
-dontwarn com.google.android.gms.auth.api.credentials.CredentialRequestResponse
-dontwarn com.google.android.gms.auth.api.credentials.Credentials
-dontwarn com.google.android.gms.auth.api.credentials.CredentialsClient
-dontwarn com.google.android.gms.auth.api.credentials.CredentialsOptions$Builder
-dontwarn com.google.android.gms.auth.api.credentials.CredentialsOptions
-dontwarn com.google.android.gms.auth.api.credentials.HintRequest$Builder
-dontwarn com.google.android.gms.auth.api.credentials.HintRequest
-dontwarn com.google.android.play.core.tasks.OnFailureListener
-dontwarn com.google.android.play.core.tasks.OnSuccessListener
-dontwarn com.google.android.play.core.tasks.Task
-dontwarn com.google.api.client.http.GenericUrl
-dontwarn com.google.api.client.http.HttpHeaders
-dontwarn com.google.api.client.http.HttpRequest
-dontwarn com.google.api.client.http.HttpRequestFactory
-dontwarn com.google.api.client.http.HttpResponse
-dontwarn com.google.api.client.http.HttpTransport
-dontwarn com.google.api.client.http.javanet.NetHttpTransport$Builder
-dontwarn com.google.api.client.http.javanet.NetHttpTransport
-dontwarn com.squareup.okhttp.CipherSuite
-dontwarn com.squareup.okhttp.ConnectionSpec
-dontwarn com.squareup.okhttp.TlsVersion
-dontwarn java.lang.reflect.AnnotatedType
-dontwarn org.joda.time.Instant