build/app/outputs/mapping/release/seeds.txt
com.gg.zmoney.MainActivity
com.gg.zmoney.MainActivity: MainActivity()
...
kotlinx.coroutines.EventLoopImplBase: java.lang.Object _delayed
com.google.android.gms.internal.ads.zzgpq: int zzg
androidx.window.core.Version: androidx.window.core.Version$Companion Companion
com.google.android.gms.internal.ads.zzbat: int zze
com.google.android.gms.internal.ads.zzapj: long zzF
com.google.android.gms.internal.ads.zzbae: com.google.android.gms.internal.ads.zzgue zzj
com.google.android.gms.internal.ads.zzapi: long zzh
com.google.android.gms.internal.ads.zzfjk: long zzC
com.google.android.gms.signin.internal.zai: android.os.Parcelable$Creator CREATOR
androidx.window.layout.HardwareFoldingFeature$Type: androidx.window.layout.HardwareFoldingFeature$Type$Companion Companion
androidx.window.core.Bounds: int right
androidx.concurrent.futures.AbstractResolvableFuture$Waiter: java.lang.Thread thread
com.google.android.gms.ads.internal.overlay.zzc: android.os.Parcelable$Creator CREATOR
androidx.window.layout.WindowInfoTracker$Companion: androidx.window.layout.WindowInfoTrackerDecorator decorator
com.google.android.gms.internal.ads.zzapl: boolean zzg
com.google.android.gms.internal.ads.zzgzr: com.google.android.gms.internal.ads.zzgyt zzg
io.flutter.embedding.engine.plugins.lifecycle.HiddenLifecycleReference: androidx.lifecycle.Lifecycle lifecycle
com.google.android.gms.internal.ads.zzapj: long zzB
com.google.android.gms.ads.internal.client.zzen: android.os.Parcelable$Creator CREATOR
androidx.window.layout.SidecarWindowBackend$ExtensionListenerImpl: androidx.window.layout.SidecarWindowBackend this$0
androidx.lifecycle.Lifecycle$Event: androidx.lifecycle.Lifecycle$Event ON_START
androidx.window.R$styleable: int[] SplitPairRule
com.google.android.gms.internal.ads.zzfjo: com.google.android.gms.internal.ads.zzfjk zze
com.google.android.gms.internal.ads.zzbaz: com.google.android.gms.internal.ads.zzbbc zzf
com.google.android.gms.internal.ads.zzafa: android.os.Parcelable$Creator CREATOR
androidx.window.embedding.SplitPairFilter: android.content.ComponentName secondaryActivityName
io.flutter.embedding.engine.FlutterJNI: java.lang.String TAG
com.google.android.gms.internal.ads.zzayh: com.google.android.gms.internal.ads.zzbal zzk
com.google.android.gms.internal.ads.zzapj: java.lang.String zzT
com.google.android.gms.internal.ads.zzaox: long zze
com.google.android.gms.internal.ads.zzbfc: android.os.Parcelable$Creator CREATOR
kotlin.jvm.internal.CallableReference: java.lang.Object NO_RECEIVER
androidx.window.R$styleable: int[] SplitPairFilter
androidx.window.R$styleable: int SplitPairFilter_primaryActivityName
androidx.window.R$styleable: int[] ActivityFilter
androidx.window.R$id: int androidx_window_activity_scope
com.google.ads.mediation.admob.AdMobAdapter: java.lang.String AD_JSON_PARAMETER
com.google.ads.mediation.admob.AdMobAdapter: java.lang.String AD_PARAMETER
org.chromium.support_lib_boundary.WebSettingsBoundaryInterface$ForceDarkBehavior: int FORCE_DARK_ONLY
androidx.window.layout.WindowInfoTrackerImpl$windowLayoutInfo$1: int label
com.google.android.gms.internal.ads.zzazl: com.google.android.gms.internal.ads.zzbaj zzo
com.google.android.gms.internal.ads.zzbav: int zzg
androidx.window.layout.SidecarCompat$FirstAttachAdapter: java.lang.ref.WeakReference activityWeakReference
com.google.android.gms.common.internal.zav: android.os.Parcelable$Creator CREATOR
com.google.android.gms.internal.ads.zzapj: long zzan
androidx.window.R$styleable: int[] ActivityRule
com.google.android.gms.internal.ads.zzapj: long zzn
com.google.android.gms.internal.ads.zzapg: long zzq
com.google.android.gms.internal.measurement.zzcl: android.os.Parcelable$Creator CREATOR
com.google.android.gms.internal.ads.zzaul: java.lang.String zze
com.google.android.gms.internal.ads.zzgmw: com.google.android.gms.internal.ads.zzgnc zzf
com.google.android.gms.internal.ads.zzgqa: com.google.android.gms.internal.ads.zzgqd zzf
com.google.android.gms.internal.ads.zzgnu: com.google.android.gms.internal.ads.zzgnu zzb