build/app/outputs/mapping/release/usage.txt
com.gg.zmoney.BuildConfig
com.gg.zmoney.R$anim
com.gg.zmoney.R$animator
com.gg.zmoney.R$attr
com.gg.zmoney.R$bool
com.gg.zmoney.R$color
com.gg.zmoney.R$dimen
com.gg.zmoney.R$drawable
com.gg.zmoney.R$id
com.gg.zmoney.R$integer
com.gg.zmoney.R$interpolator
com.gg.zmoney.R$layout
com.gg.zmoney.R$mipmap
com.gg.zmoney.R$string
com.gg.zmoney.R$style
com.gg.zmoney.R$styleable
com.gg.zmoney.R$xml
com.gg.zmoney.R
...
androidx.privacysandbox.ads.adservices.R
androidx.privacysandbox.ads.adservices.adid.AdId
androidx.privacysandbox.ads.adservices.adid.AdIdManager$Api33Ext4Impl$getAdId$1
androidx.privacysandbox.ads.adservices.adid.AdIdManager$Api33Ext4Impl
androidx.privacysandbox.ads.adservices.adid.AdIdManager$Companion
androidx.privacysandbox.ads.adservices.adid.AdIdManager
androidx.privacysandbox.ads.adservices.adselection.AdSelectionConfig
androidx.privacysandbox.ads.adservices.adselection.AdSelectionManager$Api33Ext4Impl$selectAds$1
androidx.privacysandbox.ads.adservices.adselection.AdSelectionManager$Api33Ext4Impl
androidx.privacysandbox.ads.adservices.adselection.AdSelectionManager$Companion
androidx.privacysandbox.ads.adservices.adselection.AdSelectionManager
androidx.privacysandbox.ads.adservices.adselection.AdSelectionOutcome
androidx.privacysandbox.ads.adservices.adselection.ReportImpressionRequest
androidx.privacysandbox.ads.adservices.appsetid.AppSetId$Companion
androidx.privacysandbox.ads.adservices.appsetid.AppSetId
androidx.privacysandbox.ads.adservices.appsetid.AppSetIdManager$Api33Ext4Impl$getAppSetId$1
androidx.privacysandbox.ads.adservices.appsetid.AppSetIdManager$Api33Ext4Impl
androidx.privacysandbox.ads.adservices.appsetid.AppSetIdManager$Companion
androidx.privacysandbox.ads.adservices.appsetid.AppSetIdManager
androidx.privacysandbox.ads.adservices.common.AdData
androidx.privacysandbox.ads.adservices.common.AdSelectionSignals
androidx.privacysandbox.ads.adservices.common.AdTechIdentifier
androidx.privacysandbox.ads.adservices.customaudience.CustomAudience$Builder
androidx.privacysandbox.ads.adservices.customaudience.CustomAudience
androidx.privacysandbox.ads.adservices.customaudience.CustomAudienceManager$Api33Ext4Impl
androidx.privacysandbox.ads.adservices.customaudience.CustomAudienceManager$Companion
androidx.privacysandbox.ads.adservices.customaudience.CustomAudienceManager
androidx.privacysandbox.ads.adservices.customaudience.JoinCustomAudienceRequest
androidx.privacysandbox.ads.adservices.customaudience.LeaveCustomAudienceRequest
androidx.privacysandbox.ads.adservices.customaudience.TrustedBiddingData
androidx.privacysandbox.ads.adservices.internal.package-info
androidx.privacysandbox.ads.adservices.java.R
androidx.privacysandbox.ads.adservices.java.adid.AdIdManagerFutures$Api33Ext4JavaImpl$getAdIdAsync$1
androidx.privacysandbox.ads.adservices.java.adid.AdIdManagerFutures$Api33Ext4JavaImpl
androidx.privacysandbox.ads.adservices.java.adid.AdIdManagerFutures$Companion
androidx.privacysandbox.ads.adservices.java.adid.AdIdManagerFutures
androidx.privacysandbox.ads.adservices.java.adselection.AdSelectionManagerFutures$Api33Ext4JavaImpl$reportImpressionAsync$1
androidx.privacysandbox.ads.adservices.java.adselection.AdSelectionManagerFutures$Api33Ext4JavaImpl$selectAdsAsync$1
androidx.privacysandbox.ads.adservices.java.adselection.AdSelectionManagerFutures$Api33Ext4JavaImpl
androidx.privacysandbox.ads.adservices.java.adselection.AdSelectionManagerFutures$Companion
androidx.privacysandbox.ads.adservices.java.adselection.AdSelectionManagerFutures
androidx.privacysandbox.ads.adservices.java.appsetid.AppSetIdManagerFutures$Api33Ext4JavaImpl$getAppSetIdAsync$1
androidx.privacysandbox.ads.adservices.java.appsetid.AppSetIdManagerFutures$Api33Ext4JavaImpl
androidx.privacysandbox.ads.adservices.java.appsetid.AppSetIdManagerFutures$Companion
androidx.privacysandbox.ads.adservices.java.appsetid.AppSetIdManagerFutures
androidx.privacysandbox.ads.adservices.java.customaudience.CustomAudienceManagerFutures$Api33Ext4JavaImpl$joinCustomAudienceAsync$1
androidx.privacysandbox.ads.adservices.java.customaudience.CustomAudienceManagerFutures$Api33Ext4JavaImpl$leaveCustomAudienceAsync$1
androidx.privacysandbox.ads.adservices.java.customaudience.CustomAudienceManagerFutures$Api33Ext4JavaImpl
androidx.privacysandbox.ads.adservices.java.customaudience.CustomAudienceManagerFutures$Companion